2021-01-17 23:34:30,005 [1] INFO CoreConsole.Program - El usuario fsoto se logeó
2021-01-17 23:35:45,245 [1] INFO CoreConsole.Program - El usuario OmarTester se intentó logear!
2021-01-17 23:36:10,273 [1] INFO CoreConsole.Program - El usuario OmarTESTER se intentó logear!
2021-01-17 23:39:15,386 [1] INFO CoreConsole.Program - El usuario OmarTester se intentó logear!
2021-01-17 23:39:23,417 [1] INFO CoreConsole.Program - El usuario OmarTester se intentó logear!
2021-01-17 23:39:29,931 [1] INFO CoreConsole.Program - El usuario OmarTester se logeó
2021-01-17 23:41:37,783 [1] INFO CoreConsole.Program - El empleado OmarTester buscó el listado de transacciones
2021-01-18 18:26:07,967 [1] INFO CoreConsole.Program - El usuario OmasTester se intentó logear!
2021-01-18 18:27:52,479 [1] INFO CoreConsole.Program - El usuario OmasTest se intentó logear!
2021-01-18 18:40:08,114 [1] INFO CoreConsole.Program - El usuario Torath se intentó logear!
2021-01-18 18:41:36,771 [1] INFO CoreConsole.Program - El usuario torath se intentó logear!
2021-01-18 18:48:00,511 [1] INFO CoreConsole.Program - El usuario Torath se intentó logear!
2021-01-18 19:18:01,870 [1] INFO CoreConsole.Program - El usuario Torath se intentó logear!
2021-01-18 19:21:47,334 [1] INFO CoreConsole.Program - El usuario OmarTester se intentó logear!
2021-01-18 19:21:52,789 [1] INFO CoreConsole.Program - El usuario 12345 se intentó logear!
2021-01-18 19:21:57,742 [1] INFO CoreConsole.Program - El usuario OmarTester se intentó logear!
2021-01-18 19:35:59,956 [1] INFO CoreConsole.Program - El usuario OmarTester se logeó
2021-01-18 19:44:57,268 [1] INFO CoreConsole.Program - El usuario OmarTester se intentó logear!
2021-01-18 19:49:13,610 [1] INFO CoreConsole.Program - El usuario OmarTester se intentó logear!
2021-01-18 19:52:09,402 [1] INFO CoreConsole.Program - El usuario OmarTester se intentó logear!
2021-01-18 19:52:15,616 [1] INFO CoreConsole.Program - El usuario OmasTester se intentó logear!
2021-01-18 19:52:24,335 [1] INFO CoreConsole.Program - El usuario OmarTester se logeó
2021-01-18 19:54:03,877 [1] INFO CoreConsole.Program - El usuario OmarTester se intentó logear!
